<?xml version="1.0" encoding="UTF-8"?>
<!-- Generated by org.testng.reporters.JUnitXMLReporter -->
<testsuite ignored="0" hostname="LAP-ZIGZAG-258" failures="0" tests="5" name="Test" time="34.618" errors="0" timestamp="2023-04-20T19:16:02 EEST">
  <testcase classname="tests.InvalidUserLogin" name="invalidUserLogin" time="5.209"/>
  <testcase classname="tests.LoginAndLogout" name="loginLogout" time="5.628"/>
  <testcase classname="tests.LoginTest" name="loginTest" time="5.947"/>
  <testcase classname="tests.PostsTest" name="testCreatePost" time="6.674"/>
  <testcase classname="tests.RegisterTest" name="registerTest" time="5.62"/>
</testsuite> <!-- Test -->
